{"level":"info","message":"Server is running on port 3001","service":"identity-service","timestamp":"2025-08-19T11:27:25.673Z"}
{"level":"info","message":"Server is running on port 3001","service":"identity-service","timestamp":"2025-08-19T11:27:42.528Z"}
{"level":"info","message":"Server is running on port 3001","service":"identity-service","timestamp":"2025-08-19T11:28:00.715Z"}
{"error":"Could not connect to any servers in your MongoDB Atlas cluster. One common reason is that you're trying to access the database from an IP that isn't whitelisted. Make sure your current IP address is on your Atlas cluster's IP whitelist: https://www.mongodb.com/docs/atlas/security-whitelist/","level":"error","message":"MongoDB connection error","service":"identity-service","timestamp":"2025-08-19T11:28:30.783Z"}
{"level":"info","message":"Server is running on port 3001","service":"identity-service","timestamp":"2025-08-19T11:32:11.257Z"}
{"level":"info","message":"MongoDB connected","service":"identity-service","timestamp":"2025-08-19T11:32:12.787Z"}
{"level":"info","message":"identiy-server is running on port 3001","service":"identity-service","timestamp":"2025-08-19T11:32:43.815Z"}
{"level":"info","message":"MongoDB connected","service":"identity-service","timestamp":"2025-08-19T11:32:45.073Z"}
{"level":"info","message":"identity-server is running on port 3001","service":"identity-service","timestamp":"2025-08-19T11:32:54.959Z"}
{"level":"info","message":"MongoDB connected","service":"identity-service","timestamp":"2025-08-19T11:32:56.327Z"}
{"level":"info","message":"Request Method: POST, Request URL: /api/auth/register","service":"identity-service","timestamp":"2025-08-19T11:36:47.701Z"}
{"level":"info","message":"Request Body,undefined","service":"identity-service","timestamp":"2025-08-19T11:36:47.715Z"}
{"level":"error","message":"TypeError: Cannot read properties of undefined (reading 'username')\n    at registerUser (C:\\Users\\Antaryami Nayak\\Desktop\\coding\\fullstack\\microservices_nodejs\\Social_Media\\identity-service\\src\\controllers\\identity-controller.js:9:56)\n    at Layer.handleRequest (C:\\Users\\Antaryami Nayak\\Desktop\\coding\\fullstack\\microservices_nodejs\\Social_Media\\identity-service\\node_modules\\router\\lib\\layer.js:152:17)\n    at next (C:\\Users\\Antaryami Nayak\\Desktop\\coding\\fullstack\\microservices_nodejs\\Social_Media\\identity-service\\node_modules\\router\\lib\\route.js:157:13)\n    at Route.dispatch (C:\\Users\\Antaryami Nayak\\Desktop\\coding\\fullstack\\microservices_nodejs\\Social_Media\\identity-service\\node_modules\\router\\lib\\route.js:117:3)\n    at handle (C:\\Users\\Antaryami Nayak\\Desktop\\coding\\fullstack\\microservices_nodejs\\Social_Media\\identity-service\\node_modules\\router\\index.js:435:11)\n    at Layer.handleRequest (C:\\Users\\Antaryami Nayak\\Desktop\\coding\\fullstack\\microservices_nodejs\\Social_Media\\identity-service\\node_modules\\router\\lib\\layer.js:152:17)\n    at C:\\Users\\Antaryami Nayak\\Desktop\\coding\\fullstack\\microservices_nodejs\\Social_Media\\identity-service\\node_modules\\router\\index.js:295:15\n    at processParams (C:\\Users\\Antaryami Nayak\\Desktop\\coding\\fullstack\\microservices_nodejs\\Social_Media\\identity-service\\node_modules\\router\\index.js:582:12)\n    at next (C:\\Users\\Antaryami Nayak\\Desktop\\coding\\fullstack\\microservices_nodejs\\Social_Media\\identity-service\\node_modules\\router\\index.js:291:5)\n    at Function.handle (C:\\Users\\Antaryami Nayak\\Desktop\\coding\\fullstack\\microservices_nodejs\\Social_Media\\identity-service\\node_modules\\router\\index.js:186:3)","service":"identity-service","timestamp":"2025-08-19T11:36:47.764Z"}
{"level":"info","message":"Request Method: POST, Request URL: /api/auth/register","service":"identity-service","timestamp":"2025-08-19T11:38:35.944Z"}
{"level":"info","message":"Request Body,[object Object]","service":"identity-service","timestamp":"2025-08-19T11:38:35.945Z"}
{"level":"info","message":"Registering user","service":"identity-service","timestamp":"2025-08-19T11:38:35.951Z","username":"nayak"}
{"error":"validateRegistraion is not a function","level":"error","message":"Error registering user","service":"identity-service","timestamp":"2025-08-19T11:38:35.952Z"}
{"level":"info","message":"identity-server is running on port 3001","service":"identity-service","timestamp":"2025-08-19T11:40:25.864Z"}
{"level":"info","message":"MongoDB connected","service":"identity-service","timestamp":"2025-08-19T11:40:27.348Z"}
{"level":"info","message":"identity-server is running on port 3001","service":"identity-service","timestamp":"2025-08-19T11:41:23.752Z"}
{"level":"info","message":"MongoDB connected","service":"identity-service","timestamp":"2025-08-19T11:41:25.148Z"}
{"level":"info","message":"identity-server is running on port 3001","service":"identity-service","timestamp":"2025-08-19T11:41:31.849Z"}
{"level":"info","message":"MongoDB connected","service":"identity-service","timestamp":"2025-08-19T11:41:33.164Z"}
{"level":"info","message":"Request Method: POST, Request URL: /api/auth/register","service":"identity-service","timestamp":"2025-08-19T11:41:46.935Z"}
{"level":"info","message":"Request Body,[object Object]","service":"identity-service","timestamp":"2025-08-19T11:41:46.936Z"}
{"level":"info","message":"Registering user","service":"identity-service","timestamp":"2025-08-19T11:41:46.943Z","username":"nayak"}
{"level":"warn","message":"User already exists","service":"identity-service","timestamp":"2025-08-19T11:41:47.079Z"}
{"level":"info","message":"Request Method: POST, Request URL: /api/auth/register","service":"identity-service","timestamp":"2025-08-19T11:44:03.138Z"}
{"level":"info","message":"Request Body,[object Object]","service":"identity-service","timestamp":"2025-08-19T11:44:03.139Z"}
{"level":"info","message":"Registering user","service":"identity-service","timestamp":"2025-08-19T11:44:03.141Z","username":"aditya"}
{"level":"warn","message":"User already exists","service":"identity-service","timestamp":"2025-08-19T11:44:03.246Z"}
{"level":"info","message":"identity-server is running on port 3001","service":"identity-service","timestamp":"2025-08-19T11:44:47.546Z"}
{"level":"info","message":"MongoDB connected","service":"identity-service","timestamp":"2025-08-19T11:44:49.060Z"}
{"level":"info","message":"Request Method: POST, Request URL: /api/auth/register","service":"identity-service","timestamp":"2025-08-19T11:44:51.624Z"}
{"level":"info","message":"Request Body,[object Object]","service":"identity-service","timestamp":"2025-08-19T11:44:51.625Z"}
{"level":"info","message":"Registering user","service":"identity-service","timestamp":"2025-08-19T11:44:51.631Z","username":"aditya"}
{"level":"warn","message":"User already exists","service":"identity-service","timestamp":"2025-08-19T11:44:51.744Z"}
{"level":"info","message":"Request Method: POST, Request URL: /api/auth/register","service":"identity-service","timestamp":"2025-08-19T11:45:12.004Z"}
{"level":"info","message":"Request Body,[object Object]","service":"identity-service","timestamp":"2025-08-19T11:45:12.005Z"}
{"level":"warn","message":"sensitive end point rate limit exceed for ip:::1","service":"identity-service","timestamp":"2025-08-19T11:45:12.009Z"}
{"level":"info","message":"identity-server is running on port 3001","service":"identity-service","timestamp":"2025-08-19T11:45:44.561Z"}
{"level":"info","message":"MongoDB connected","service":"identity-service","timestamp":"2025-08-19T11:45:45.844Z"}
{"level":"info","message":"Request Method: POST, Request URL: /api/auth/register","service":"identity-service","timestamp":"2025-08-19T11:45:50.876Z"}
{"level":"info","message":"Request Body,[object Object]","service":"identity-service","timestamp":"2025-08-19T11:45:50.876Z"}
{"level":"info","message":"Registering user","service":"identity-service","timestamp":"2025-08-19T11:45:50.883Z","username":"amit"}
{"level":"warn","message":"User already exists","service":"identity-service","timestamp":"2025-08-19T11:45:51.006Z"}
{"level":"info","message":"identity-server is running on port 3001","service":"identity-service","timestamp":"2025-08-19T11:47:28.461Z"}
{"level":"info","message":"MongoDB connected","service":"identity-service","timestamp":"2025-08-19T11:47:29.762Z"}
{"level":"info","message":"Request Method: POST, Request URL: /api/auth/register","service":"identity-service","timestamp":"2025-08-19T11:47:40.041Z"}
{"level":"info","message":"Request Body,[object Object]","service":"identity-service","timestamp":"2025-08-19T11:47:40.041Z"}
{"level":"info","message":"Registering user","service":"identity-service","timestamp":"2025-08-19T11:47:40.050Z","username":"amit"}
{"buffer":{"data":[104,164,100,92,215,118,0,230,135,92,138,220],"type":"Buffer"},"level":"warn","message":"User registered successfully","service":"identity-service","timestamp":"2025-08-19T11:47:40.366Z"}
{"error":"refreshToken.create is not a function","level":"error","message":"Error registering user","service":"identity-service","timestamp":"2025-08-19T11:47:40.375Z"}
{"level":"info","message":"identity-server is running on port 3001","service":"identity-service","timestamp":"2025-08-19T11:48:57.541Z"}
{"level":"info","message":"MongoDB connected","service":"identity-service","timestamp":"2025-08-19T11:48:59.396Z"}
{"level":"info","message":"identity-server is running on port 3001","service":"identity-service","timestamp":"2025-08-19T11:49:21.297Z"}
{"level":"info","message":"MongoDB connected","service":"identity-service","timestamp":"2025-08-19T11:49:23.118Z"}
{"level":"info","message":"identity-server is running on port 3001","service":"identity-service","timestamp":"2025-08-19T11:49:33.922Z"}
{"level":"info","message":"identity-server is running on port 3001","service":"identity-service","timestamp":"2025-08-19T11:49:35.637Z"}
{"level":"info","message":"identity-server is running on port 3001","service":"identity-service","timestamp":"2025-08-19T11:49:36.788Z"}
{"level":"info","message":"MongoDB connected","service":"identity-service","timestamp":"2025-08-19T11:49:37.807Z"}
{"level":"info","message":"identity-server is running on port 3001","service":"identity-service","timestamp":"2025-08-19T11:49:39.334Z"}
{"level":"info","message":"MongoDB connected","service":"identity-service","timestamp":"2025-08-19T11:49:40.350Z"}
{"level":"info","message":"identity-server is running on port 3001","service":"identity-service","timestamp":"2025-08-19T11:49:45.731Z"}
{"level":"info","message":"MongoDB connected","service":"identity-service","timestamp":"2025-08-19T11:49:47.028Z"}
{"level":"info","message":"Request Method: POST, Request URL: /api/auth/register","service":"identity-service","timestamp":"2025-08-19T11:50:02.683Z"}
{"level":"info","message":"Request Body,[object Object]","service":"identity-service","timestamp":"2025-08-19T11:50:02.684Z"}
{"level":"info","message":"Registering user","service":"identity-service","timestamp":"2025-08-19T11:50:02.691Z","username":"amit"}
{"level":"warn","message":"User already exists","service":"identity-service","timestamp":"2025-08-19T11:50:02.826Z"}
{"level":"info","message":"Request Method: POST, Request URL: /api/auth/register","service":"identity-service","timestamp":"2025-08-19T11:52:20.246Z"}
{"level":"info","message":"Request Body,[object Object]","service":"identity-service","timestamp":"2025-08-19T11:52:20.246Z"}
{"level":"info","message":"Registering user","service":"identity-service","timestamp":"2025-08-19T11:52:20.249Z","username":"amit"}
{"level":"warn","message":"User already exists","service":"identity-service","timestamp":"2025-08-19T11:52:20.382Z"}
{"level":"info","message":"Request Method: POST, Request URL: /api/auth/register","service":"identity-service","timestamp":"2025-08-19T11:53:02.517Z"}
{"level":"info","message":"Request Body,[object Object]","service":"identity-service","timestamp":"2025-08-19T11:53:02.518Z"}
{"level":"info","message":"Registering user","service":"identity-service","timestamp":"2025-08-19T11:53:02.520Z","username":"aditya"}
{"buffer":{"data":[104,164,101,158,222,213,251,131,76,61,127,63],"type":"Buffer"},"level":"warn","message":"User registered successfully","service":"identity-service","timestamp":"2025-08-19T11:53:02.948Z"}
{"level":"info","message":"Request Method: POST, Request URL: /api/auth/register","service":"identity-service","timestamp":"2025-08-19T11:53:58.848Z"}
{"level":"info","message":"Request Body,[object Object]","service":"identity-service","timestamp":"2025-08-19T11:53:58.849Z"}
{"level":"info","message":"Registering user","service":"identity-service","timestamp":"2025-08-19T11:53:58.852Z","username":"aditya"}
{"0":"\"","1":"p","10":" ","11":"l","12":"e","13":"n","14":"g","15":"t","16":"h","17":" ","18":"m","19":"u","2":"a","20":"s","21":"t","22":" ","23":"b","24":"e","25":" ","26":"a","27":"t","28":" ","29":"l","3":"s","30":"e","31":"a","32":"s","33":"t","34":" ","35":"6","36":" ","37":"c","38":"h","39":"a","4":"s","40":"r","41":"a","42":"c","43":"t","44":"e","45":"r","46":"s","47":" ","48":"l","49":"o","5":"w","50":"n","51":"g","6":"o","7":"r","8":"d","9":"\"","level":"warn","message":"validation error","service":"identity-service","timestamp":"2025-08-19T11:53:58.857Z"}
{"level":"info","message":"Request Method: POST, Request URL: /api/auth/register","service":"identity-service","timestamp":"2025-08-19T11:54:04.927Z"}
{"level":"info","message":"Request Body,[object Object]","service":"identity-service","timestamp":"2025-08-19T11:54:04.928Z"}
{"level":"info","message":"Registering user","service":"identity-service","timestamp":"2025-08-19T11:54:04.934Z","username":"aditya"}
{"0":"\"","1":"e","10":"s","11":"t","12":" ","13":"b","14":"e","15":" ","16":"a","17":" ","18":"v","19":"a","2":"m","20":"l","21":"i","22":"d","23":" ","24":"e","25":"m","26":"a","27":"i","28":"l","3":"a","4":"i","5":"l","6":"\"","7":" ","8":"m","9":"u","level":"warn","message":"validation error","service":"identity-service","timestamp":"2025-08-19T11:54:04.935Z"}
{"level":"info","message":"Request Method: POST, Request URL: /api/auth/register","service":"identity-service","timestamp":"2025-08-19T11:54:17.186Z"}
{"level":"info","message":"Request Body,[object Object]","service":"identity-service","timestamp":"2025-08-19T11:54:17.186Z"}
{"level":"info","message":"Registering user","service":"identity-service","timestamp":"2025-08-19T11:54:17.190Z","username":"aditya"}
{"level":"warn","message":"User already exists","service":"identity-service","timestamp":"2025-08-19T11:54:17.292Z"}
