{"level":"info","message":"Connected to RabbitMq","service":"post-service","timestamp":"2025-08-29T23:48:06.215Z"}
{"level":"info","message":"Event consumed: post.created","service":"post-service","timestamp":"2025-08-29T23:48:06.321Z"}
{"level":"info","message":"Event consumed: post.deleted","service":"post-service","timestamp":"2025-08-29T23:48:06.344Z"}
{"level":"info","message":"Search service is running on port: 3004","service":"post-service","timestamp":"2025-08-29T23:48:06.349Z"}
{"level":"info","message":"MongoDB connected","service":"post-service","timestamp":"2025-08-29T23:48:07.599Z"}
{"_message":"Search validation failed","errors":{"userId":{"kind":"required","message":"Path `userId` is required.","name":"ValidatorError","path":"userId","properties":{"message":"Path `userId` is required.","path":"userId","type":"required"}}},"level":"error","message":"Error handling the post creating consume event Search validation failed: userId: Path `userId` is required.","service":"post-service","stack":"ValidationError: Search validation failed: userId: Path `userId` is required.\n    at Document.invalidate (C:\\Users\\Antaryami Nayak\\Desktop\\coding\\fullstack\\microservices_nodejs\\Social_Media\\search-service\\node_modules\\mongoose\\lib\\document.js:3358:32)\n    at C:\\Users\\Antaryami Nayak\\Desktop\\coding\\fullstack\\microservices_nodejs\\Social_Media\\search-service\\node_modules\\mongoose\\lib\\document.js:3119:17\n    at C:\\Users\\Antaryami Nayak\\Desktop\\coding\\fullstack\\microservices_nodejs\\Social_Media\\search-service\\node_modules\\mongoose\\lib\\schemaType.js:1416:9\n    at process.processTicksAndRejections (node:internal/process/task_queues:77:11)","timestamp":"2025-08-29T23:49:18.463Z"}
{"level":"info","message":"Connected to RabbitMq","service":"post-service","timestamp":"2025-08-29T23:53:27.635Z"}
{"level":"info","message":"Event consumed: post.created","service":"post-service","timestamp":"2025-08-29T23:53:27.681Z"}
{"level":"info","message":"Event consumed: post.deleted","service":"post-service","timestamp":"2025-08-29T23:53:27.692Z"}
{"level":"info","message":"Search service is running on port: 3004","service":"post-service","timestamp":"2025-08-29T23:53:27.697Z"}
{"level":"info","message":"MongoDB connected","service":"post-service","timestamp":"2025-08-29T23:53:28.685Z"}
{"level":"info","message":"Search post created : 68b23e3e16711016ee3bce53, 68b23e3e39bd747c4fcbbca4","service":"post-service","timestamp":"2025-08-29T23:56:46.707Z"}
{"code":11000,"errorLabelSet":{},"errorResponse":{"code":11000,"errmsg":"E11000 duplicate key error collection: test.searches index: userId_1 dup key: { userId: \"68a4659eded5fb834c3d7f3f\" }","index":0,"keyPattern":{"userId":1},"keyValue":{"userId":"68a4659eded5fb834c3d7f3f"}},"index":0,"keyPattern":{"userId":1},"keyValue":{"userId":"68a4659eded5fb834c3d7f3f"},"level":"error","message":"Error handling the post creating consume event E11000 duplicate key error collection: test.searches index: userId_1 dup key: { userId: \"68a4659eded5fb834c3d7f3f\" }","service":"post-service","stack":"MongoServerError: E11000 duplicate key error collection: test.searches index: userId_1 dup key: { userId: \"68a4659eded5fb834c3d7f3f\" }\n    at InsertOneOperation.execute (C:\\Users\\Antaryami Nayak\\Desktop\\coding\\fullstack\\microservices_nodejs\\Social_Media\\search-service\\node_modules\\mongodb\\lib\\operations\\insert.js:51:19)\n    at process.processTicksAndRejections (node:internal/process/task_queues:95:5)\n    at async tryOperation (C:\\Users\\Antaryami Nayak\\Desktop\\coding\\fullstack\\microservices_nodejs\\Social_Media\\search-service\\node_modules\\mongodb\\lib\\operations\\execute_operation.js:207:20)\n    at async executeOperation (C:\\Users\\Antaryami Nayak\\Desktop\\coding\\fullstack\\microservices_nodejs\\Social_Media\\search-service\\node_modules\\mongodb\\lib\\operations\\execute_operation.js:75:16)\n    at async Collection.insertOne (C:\\Users\\Antaryami Nayak\\Desktop\\coding\\fullstack\\microservices_nodejs\\Social_Media\\search-service\\node_modules\\mongodb\\lib\\collection.js:157:16)","timestamp":"2025-08-29T23:59:33.134Z"}
{"level":"info","message":"Search post created : 68b23f4816711016ee3bce59, 68b23f4839bd747c4fcbbca8","service":"post-service","timestamp":"2025-08-30T00:01:13.114Z"}
{"level":"info","message":"Search post created : 68b23f6716711016ee3bce5b, 68b23f6739bd747c4fcbbcaa","service":"post-service","timestamp":"2025-08-30T00:01:43.245Z"}
{"level":"info","message":"Search Post deleted : 68b23f6716711016ee3bce5b","service":"post-service","timestamp":"2025-08-30T00:03:22.092Z"}
{"level":"info","message":"Connected to RabbitMq","service":"search-service","timestamp":"2025-08-30T00:04:54.302Z"}
{"level":"info","message":"Event consumed: post.created","service":"search-service","timestamp":"2025-08-30T00:04:54.349Z"}
{"level":"info","message":"Event consumed: post.deleted","service":"search-service","timestamp":"2025-08-30T00:04:54.368Z"}
{"level":"info","message":"Search service is running on port: 3004","service":"search-service","timestamp":"2025-08-30T00:04:54.373Z"}
{"level":"info","message":"MongoDB connected","service":"search-service","timestamp":"2025-08-30T00:04:55.879Z"}
{"level":"info","message":"Search post created : 68b2408316711016ee3bce60, 68b24083192e4c839072e551","service":"search-service","timestamp":"2025-08-30T00:06:27.799Z"}
{"level":"info","message":"Search post created : 68b2409816711016ee3bce62, 68b24099192e4c839072e553","service":"search-service","timestamp":"2025-08-30T00:06:49.132Z"}
{"level":"info","message":"Received GET request to /api/search/posts?query=search","service":"search-service","timestamp":"2025-08-30T00:09:11.462Z"}
{"level":"info","message":"Request body, [object Object]","service":"search-service","timestamp":"2025-08-30T00:09:11.466Z"}
{"level":"info","message":"Search endpoint hit!","service":"search-service","timestamp":"2025-08-30T00:09:11.471Z"}
{"level":"info","message":"Received GET request to /api/search/posts?query=ram","service":"search-service","timestamp":"2025-08-30T00:09:22.420Z"}
{"level":"info","message":"Request body, [object Object]","service":"search-service","timestamp":"2025-08-30T00:09:22.422Z"}
{"level":"info","message":"Search endpoint hit!","service":"search-service","timestamp":"2025-08-30T00:09:22.423Z"}
