{"level":"info","message":"API GateWay is running on port 3000","service":"identity-service","timestamp":"2025-08-20T10:01:39.949Z"}
{"level":"info","message":"Identity Service is running on port http://localhost:3001","service":"identity-service","timestamp":"2025-08-20T10:01:39.955Z"}
{"level":"info","message":"Redis Url redis://localhost:6379","service":"identity-service","timestamp":"2025-08-20T10:01:39.956Z"}
{"level":"info","message":"API GateWay is running on port 3000","service":"identity-service","timestamp":"2025-08-20T10:01:51.131Z"}
{"level":"info","message":"Identity Service is running on port http://localhost:3001","service":"identity-service","timestamp":"2025-08-20T10:01:51.133Z"}
{"level":"info","message":"Redis Url redis://localhost:6379","service":"identity-service","timestamp":"2025-08-20T10:01:51.134Z"}
{"level":"info","message":"API GateWay is running on port 3000","service":"api-gateway","timestamp":"2025-08-20T10:03:06.477Z"}
{"level":"info","message":"Identity Service is running on port http://localhost:3001","service":"api-gateway","timestamp":"2025-08-20T10:03:06.480Z"}
{"level":"info","message":"Redis Url redis://localhost:6379","service":"api-gateway","timestamp":"2025-08-20T10:03:06.481Z"}
{"level":"info","message":"Request Method: POST, Request URL: /v1/auth/register","service":"api-gateway","timestamp":"2025-08-20T10:06:28.924Z"}
{"level":"info","message":"Request Body: {\"username\":\"john\",\"email\":\"john@gmail.com\",\"password\":\"john@password\"}","service":"api-gateway","timestamp":"2025-08-20T10:06:28.926Z"}
{"level":"info","message":"Request Method: POST, Request URL: /v1/auth/register","service":"api-gateway","timestamp":"2025-08-20T10:08:09.984Z"}
{"level":"info","message":"Request Body: {\"username\":\"john\",\"email\":\"john@gmail.com\",\"password\":\"john@password\"}","service":"api-gateway","timestamp":"2025-08-20T10:08:09.985Z"}
{"level":"info","message":"API GateWay is running on port 3000","service":"api-gateway","timestamp":"2025-08-20T10:16:27.491Z"}
{"level":"info","message":"Identity Service is running on port http://localhost:3001","service":"api-gateway","timestamp":"2025-08-20T10:16:27.496Z"}
{"level":"info","message":"Redis Url redis://localhost:6379","service":"api-gateway","timestamp":"2025-08-20T10:16:27.497Z"}
{"level":"info","message":"API GateWay is running on port 3000","service":"api-gateway","timestamp":"2025-08-20T10:16:36.586Z"}
{"level":"info","message":"Identity Service is running on port http://localhost:3001","service":"api-gateway","timestamp":"2025-08-20T10:16:36.591Z"}
{"level":"info","message":"Redis Url redis://localhost:6379","service":"api-gateway","timestamp":"2025-08-20T10:16:36.592Z"}
{"level":"info","message":"API GateWay is running on port 3000","service":"api-gateway","timestamp":"2025-08-20T10:16:43.781Z"}
{"level":"info","message":"Identity Service is running on port http://localhost:3001","service":"api-gateway","timestamp":"2025-08-20T10:16:43.786Z"}
{"level":"info","message":"Redis Url redis://localhost:6379","service":"api-gateway","timestamp":"2025-08-20T10:16:43.787Z"}
{"level":"info","message":"Request Method: POST, Request URL: /v1/auth/login","service":"api-gateway","timestamp":"2025-08-20T11:00:32.663Z"}
{"level":"info","message":"Request Body: [object Object]","service":"api-gateway","timestamp":"2025-08-20T11:00:32.668Z"}
{"level":"info","message":"Request Method: POST, Request URL: /v1/auth/login","service":"api-gateway","timestamp":"2025-08-20T11:01:23.201Z"}
{"level":"info","message":"Request Body: [object Object]","service":"api-gateway","timestamp":"2025-08-20T11:01:23.202Z"}
{"level":"info","message":"Request Method: POST, Request URL: /v1/auth/login","service":"api-gateway","timestamp":"2025-08-20T11:01:43.039Z"}
{"level":"info","message":"Request Body: [object Object]","service":"api-gateway","timestamp":"2025-08-20T11:01:43.040Z"}
{"level":"info","message":"Request Method: POST, Request URL: /v1/auth/login","service":"api-gateway","timestamp":"2025-08-20T11:03:34.376Z"}
{"level":"info","message":"Request Body: [object Object]","service":"api-gateway","timestamp":"2025-08-20T11:03:34.378Z"}
{"level":"info","message":"Request Method: POST, Request URL: /v1/auth/login","service":"api-gateway","timestamp":"2025-08-20T11:04:06.807Z"}
{"level":"info","message":"Request Body: [object Object]","service":"api-gateway","timestamp":"2025-08-20T11:04:06.808Z"}
{"level":"info","message":"API GateWay is running on port 3000","service":"api-gateway","timestamp":"2025-08-23T22:47:11.772Z"}
{"level":"info","message":"Identity Service is running on port http://localhost:3001","service":"api-gateway","timestamp":"2025-08-23T22:47:11.775Z"}
{"level":"info","message":"Redis Url redis://localhost:6379","service":"api-gateway","timestamp":"2025-08-23T22:47:11.775Z"}
{"level":"info","message":"API GateWay is running on port 3000","service":"api-gateway","timestamp":"2025-08-23T22:47:16.057Z"}
{"level":"info","message":"Identity Service is running on port http://localhost:3001","service":"api-gateway","timestamp":"2025-08-23T22:47:16.060Z"}
{"level":"info","message":"Redis Url redis://localhost:6379","service":"api-gateway","timestamp":"2025-08-23T22:47:16.061Z"}
{"level":"info","message":"API GateWay is running on port 3000","service":"api-gateway","timestamp":"2025-08-23T22:47:19.212Z"}
{"level":"info","message":"Identity Service is running on port http://localhost:3001","service":"api-gateway","timestamp":"2025-08-23T22:47:19.215Z"}
{"level":"info","message":"Redis Url redis://localhost:6379","service":"api-gateway","timestamp":"2025-08-23T22:47:19.216Z"}
{"level":"info","message":"API GateWay is running on port 3000","service":"api-gateway","timestamp":"2025-08-23T22:47:31.018Z"}
{"level":"info","message":"Identity Service is running on port http://localhost:3001","service":"api-gateway","timestamp":"2025-08-23T22:47:31.021Z"}
{"level":"info","message":"Redis Url redis://localhost:6379","service":"api-gateway","timestamp":"2025-08-23T22:47:31.021Z"}
{"level":"info","message":"API GateWay is running on port 3000","service":"api-gateway","timestamp":"2025-08-23T22:47:40.237Z"}
{"level":"info","message":"Identity Service is running on port http://localhost:3001","service":"api-gateway","timestamp":"2025-08-23T22:47:40.240Z"}
{"level":"info","message":"Redis Url redis://localhost:6379","service":"api-gateway","timestamp":"2025-08-23T22:47:40.240Z"}
{"level":"info","message":"Request Method: POST, Request URL: /v1/auth/login","service":"api-gateway","timestamp":"2025-08-23T22:47:47.898Z"}
{"level":"info","message":"Request Body: [object Object]","service":"api-gateway","timestamp":"2025-08-23T22:47:47.899Z"}
{"level":"info","message":"API GateWay is running on port 3000","service":"api-gateway","timestamp":"2025-08-23T22:50:52.608Z"}
{"level":"info","message":"Identity Service is running on port http://localhost:3001","service":"api-gateway","timestamp":"2025-08-23T22:50:52.619Z"}
{"level":"info","message":"Redis Url redis://localhost:6379","service":"api-gateway","timestamp":"2025-08-23T22:50:52.619Z"}
{"level":"info","message":"API GateWay is running on port 3000","service":"api-gateway","timestamp":"2025-08-23T23:40:43.088Z"}
{"level":"info","message":"Identity Service is running on port http://localhost:3001","service":"api-gateway","timestamp":"2025-08-23T23:40:43.091Z"}
{"level":"info","message":"Post Service is running on port http://localhost:3002","service":"api-gateway","timestamp":"2025-08-23T23:40:43.092Z"}
{"level":"info","message":"Redis Url redis://localhost:6379","service":"api-gateway","timestamp":"2025-08-23T23:40:43.092Z"}
{"level":"info","message":"Request Method: POST, Request URL: /v1/posts/create-post","service":"api-gateway","timestamp":"2025-08-23T23:42:22.125Z"}
{"level":"info","message":"Request Body: [object Object]","service":"api-gateway","timestamp":"2025-08-23T23:42:22.135Z"}
{"level":"warn","message":"Access attempt made without valid token","service":"api-gateway","timestamp":"2025-08-23T23:42:22.137Z"}
{"level":"info","message":"Request Method: POST, Request URL: /v1/posts/create-post","service":"api-gateway","timestamp":"2025-08-23T23:49:56.600Z"}
{"level":"info","message":"Request Body: [object Object]","service":"api-gateway","timestamp":"2025-08-23T23:49:56.615Z"}
{"level":"warn","message":"Access attempt made without valid token","service":"api-gateway","timestamp":"2025-08-23T23:49:56.618Z"}
{"level":"info","message":"Request Method: POST, Request URL: /v1/posts/create-post","service":"api-gateway","timestamp":"2025-08-23T23:50:26.320Z"}
{"level":"info","message":"Request Body: [object Object]","service":"api-gateway","timestamp":"2025-08-23T23:50:26.322Z"}
{"level":"warn","message":"Invalid Token","service":"api-gateway","timestamp":"2025-08-23T23:50:26.361Z"}
{"level":"info","message":"API GateWay is running on port 3000","service":"api-gateway","timestamp":"2025-08-23T23:54:16.975Z"}
{"level":"info","message":"Identity Service is running on port http://localhost:3001","service":"api-gateway","timestamp":"2025-08-23T23:54:16.988Z"}
{"level":"info","message":"Post Service is running on port http://localhost:3002","service":"api-gateway","timestamp":"2025-08-23T23:54:16.989Z"}
{"level":"info","message":"Redis Url redis://localhost:6379","service":"api-gateway","timestamp":"2025-08-23T23:54:16.989Z"}
{"level":"info","message":"Request Method: POST, Request URL: /v1/posts/create-post","service":"api-gateway","timestamp":"2025-08-23T23:54:28.823Z"}
{"level":"info","message":"Request Body: [object Object]","service":"api-gateway","timestamp":"2025-08-23T23:54:28.824Z"}
{"level":"warn","message":"Invalid Token","service":"api-gateway","timestamp":"2025-08-23T23:54:28.838Z"}
{"level":"info","message":"Request Method: POST, Request URL: /v1/auth/login","service":"api-gateway","timestamp":"2025-08-23T23:56:37.210Z"}
{"level":"info","message":"Request Body: [object Object]","service":"api-gateway","timestamp":"2025-08-23T23:56:37.218Z"}
{"level":"info","message":"Response received from Identity service: 200","service":"api-gateway","timestamp":"2025-08-23T23:56:37.721Z"}
{"level":"info","message":"Request Method: POST, Request URL: /v1/posts/create-post","service":"api-gateway","timestamp":"2025-08-23T23:57:00.211Z"}
{"level":"info","message":"Request Body: [object Object]","service":"api-gateway","timestamp":"2025-08-23T23:57:00.212Z"}
{"level":"info","message":"Response received from Post service: 500","service":"api-gateway","timestamp":"2025-08-23T23:57:00.514Z"}
{"level":"info","message":"Request Method: POST, Request URL: /v1/posts/create-post","service":"api-gateway","timestamp":"2025-08-23T23:57:48.765Z"}
{"level":"info","message":"Request Body: [object Object]","service":"api-gateway","timestamp":"2025-08-23T23:57:48.767Z"}
{"level":"info","message":"Response received from Post service: 400","service":"api-gateway","timestamp":"2025-08-23T23:57:48.810Z"}
{"level":"info","message":"Request Method: POST, Request URL: /v1/posts/create-post","service":"api-gateway","timestamp":"2025-08-23T23:58:49.950Z"}
{"level":"info","message":"Request Body: [object Object]","service":"api-gateway","timestamp":"2025-08-23T23:58:49.957Z"}
{"level":"info","message":"Response received from Post service: 201","service":"api-gateway","timestamp":"2025-08-23T23:58:50.141Z"}
